<?xml version="1.0" encoding="UTF-8"?>
<testng-results ignored="0" total="1" passed="1" failed="0" skipped="0">
  <reporter-output>
  </reporter-output>
  <suite started-at="2024-02-01T12:23:00 GMT-05:00" name="Default suite" finished-at="2024-02-01T12:23:04 GMT-05:00" duration-ms="4028">
    <groups>
    </groups>
    <test started-at="2024-02-01T12:23:00 GMT-05:00" name="Default test" finished-at="2024-02-01T12:23:04 GMT-05:00" duration-ms="4028">
      <class name="HerokuApp.OpenWebsiteChrome">
        <test-method is-config="true" signature="setup()[pri:0, instance:HerokuApp.OpenWebsiteChrome@2a4fb17b]" started-at="2024-02-01T12:23:00 GMT-05:00" name="setup" finished-at="2024-02-01T12:23:04 GMT-05:00" duration-ms="3646" status="PASS">
          <reporter-output>
          </reporter-output>
        </test-method> <!-- setup -->
        <test-method signature="verifyTitle()[pri:0, instance:HerokuApp.OpenWebsiteChrome@2a4fb17b]" started-at="2024-02-01T12:23:04 GMT-05:00" name="verifyTitle" finished-at="2024-02-01T12:23:04 GMT-05:00" duration-ms="72" status="PASS">
          <reporter-output>
          </reporter-output>
        </test-method> <!-- verifyTitle -->
        <test-method is-config="true" signature="tearDown()[pri:0, instance:HerokuApp.OpenWebsiteChrome@2a4fb17b]" started-at="2024-02-01T12:23:04 GMT-05:00" name="tearDown" finished-at="2024-02-01T12:23:04 GMT-05:00" duration-ms="235" status="PASS">
          <reporter-output>
          </reporter-output>
        </test-method> <!-- tearDown -->
      </class> <!-- HerokuApp.OpenWebsiteChrome -->
    </test> <!-- Default test -->
  </suite> <!-- Default suite -->
</testng-results>
